\BOOKMARK [0][-]{dummy.1}{\376\377\000D\000e\000c\000l\000a\000r\000a\000t\000i\000o\000n\000\040\000o\000f\000\040\000A\000u\000t\000h\000o\000r\000s\000h\000i\000p}{}% 1
\BOOKMARK [0][-]{dummy.2}{\376\377\000A\000b\000s\000t\000r\000a\000c\000t}{}% 2
\BOOKMARK [0][-]{dummy.3}{\376\377\000A\000c\000k\000n\000o\000w\000l\000e\000d\000g\000e\000m\000e\000n\000t\000s}{}% 3
\BOOKMARK [0][-]{dummy.4}{\376\377\000C\000o\000n\000t\000e\000n\000t\000s}{}% 4
\BOOKMARK [0][-]{dummy.6}{\376\377\000L\000i\000s\000t\000\040\000o\000f\000\040\000F\000i\000g\000u\000r\000e\000s}{}% 5
\BOOKMARK [0][-]{dummy.8}{\376\377\000A\000b\000b\000r\000e\000v\000i\000a\000t\000i\000o\000n\000s}{}% 6
\BOOKMARK [0][-]{chapter.11}{\376\377\0001\000\040\000I\000n\000t\000e\000g\000r\000a\000t\000i\000o\000n\000\040\000T\000e\000s\000t\000i\000n\000g}{}% 7
\BOOKMARK [1][-]{section.12}{\376\377\0001\000.\0001\000\040\000C\000o\000n\000t\000e\000m\000p\000o\000r\000a\000r\000y\000\040\000S\000o\000f\000t\000w\000a\000r\000e\000s}{chapter.11}% 8
\BOOKMARK [1][-]{section.13}{\376\377\0001\000.\0002\000\040\000I\000n\000t\000e\000g\000r\000a\000t\000i\000o\000n\000\040\000T\000e\000s\000t\000i\000n\000g}{chapter.11}% 9
\BOOKMARK [1][-]{section.14}{\376\377\0001\000.\0003\000\040\000P\000r\000o\000b\000l\000e\000m}{chapter.11}% 10
\BOOKMARK [0][-]{chapter.15}{\376\377\0002\000\040\000A\000u\000t\000o\000m\000a\000t\000i\000c\000\040\000S\000y\000n\000t\000h\000e\000s\000i\000S\000\040\000o\000f\000\040\000I\000n\000t\000e\000g\000r\000a\000t\000i\000o\000n\000\040\000S\000o\000f\000t\000w\000a\000r\000e\000\040\000T\000e\000s\000t\000s\000\050\000A\000S\000S\000I\000S\000T\000\051}{}% 11
\BOOKMARK [1][-]{section.16}{\376\377\0002\000.\0001\000\040\000O\000v\000e\000r\000v\000i\000e\000w}{chapter.15}% 12
\BOOKMARK [2][-]{subsection.17}{\376\377\0002\000.\0001\000.\0001\000\040\000S\000y\000n\000t\000h\000e\000s\000i\000s\000\040\000o\000f\000\040\000F\000e\000w\000e\000r\000\040\000a\000n\000d\000\040\000T\000i\000g\000h\000t\000e\000r\000\040\000I\000n\000t\000e\000g\000r\000a\000t\000i\000o\000n\000\040\000T\000e\000s\000t\000s}{section.16}% 13
\BOOKMARK [2][-]{subsection.18}{\376\377\0002\000.\0001\000.\0002\000\040\000M\000e\000a\000n\000i\000n\000g\000f\000u\000l\000\040\000O\000r\000a\000c\000l\000e\000s}{section.16}% 14
\BOOKMARK [2][-]{subsection.19}{\376\377\0002\000.\0001\000.\0003\000\040\000E\000v\000a\000l\000u\000a\000t\000e}{section.16}% 15
\BOOKMARK [1][-]{section.20}{\376\377\0002\000.\0002\000\040\000O\000r\000g\000a\000n\000i\000z\000a\000t\000i\000o\000n}{chapter.15}% 16
\BOOKMARK [0][-]{chapter.30}{\376\377\0003\000\040\000P\000r\000o\000j\000e\000c\000t\000\040\000R\000e\000q\000u\000i\000r\000e\000m\000e\000n\000t\000s}{}% 17
\BOOKMARK [1][-]{section.31}{\376\377\0003\000.\0001\000\040\000R\000e\000q\000u\000i\000r\000e\000m\000e\000n\000t\000s}{chapter.30}% 18
\BOOKMARK [2][-]{subsection.32}{\376\377\0003\000.\0001\000.\0001\000\040\000F\000i\000n\000d\000i\000n\000g\000\040\000F\000r\000e\000q\000u\000e\000n\000t\000\040\000S\000e\000q\000u\000e\000n\000c\000e\000s}{section.31}% 19
\BOOKMARK [3][-]{subsubsection.33}{\376\377\0003\000.\0001\000.\0001\000.\0001\000\040\000G\000e\000t\000\040\000t\000h\000e\000\040\000f\000i\000l\000e\000s\000\040\000o\000f\000\040\000R\000u\000n\000\040\000S\000e\000q\000u\000e\000n\000c\000e\000s\000\050\000i\000n\000\040\000t\000h\000e\000\040\000f\000o\000r\000m\000a\000t\000\040\000o\000f\000\040\000J\000S\000O\000N\000\040\000f\000i\000l\000e\000s\000\051}{subsection.32}% 20
\BOOKMARK [3][-]{subsubsection.34}{\376\377\0003\000.\0001\000.\0001\000.\0002\000\040\000B\000I\000D\000E\000\040\000I\000n\000p\000u\000t\000\040\000g\000e\000n\000e\000r\000a\000t\000i\000o\000n}{subsection.32}% 21
\BOOKMARK [2][-]{subsection.35}{\376\377\0003\000.\0001\000.\0002\000\040\000M\000i\000n\000e\000\040\000I\000n\000f\000o\000r\000m\000a\000t\000i\000v\000e\000\040\000S\000e\000q\000u\000e\000n\000c\000e\000s}{section.31}% 22
\BOOKMARK [3][-]{subsubsection.36}{\376\377\0003\000.\0001\000.\0002\000.\0001\000\040\000F\000i\000n\000d\000\040\000a\000l\000l\000\040\000p\000o\000s\000s\000i\000b\000l\000e\000\040\000v\000a\000l\000i\000d\000\040\000s\000e\000q\000u\000e\000n\000c\000e\000s}{subsection.35}% 23
\BOOKMARK [3][-]{subsubsection.37}{\376\377\0003\000.\0001\000.\0002\000.\0002\000\040\000P\000r\000u\000n\000i\000n\000g}{subsection.35}% 24
\BOOKMARK [3][-]{subsubsection.38}{\376\377\0003\000.\0001\000.\0002\000.\0003\000\040\000O\000u\000t\000p\000u\000t\000\040\000F\000i\000l\000e}{subsection.35}% 25
\BOOKMARK [0][-]{chapter.39}{\376\377\0004\000\040\000T\000o\000o\000l\000s\000\040\000a\000n\000d\000\040\000U\000t\000i\000l\000i\000t\000i\000e\000s}{}% 26
\BOOKMARK [1][-]{section.40}{\376\377\0004\000.\0001\000\040\000J\000S\000O\000N\000\050\000J\000a\000v\000a\000S\000c\000r\000i\000p\000t\000\040\000O\000b\000j\000e\000c\000t\000\040\000N\000o\000t\000a\000t\000i\000o\000n\000\051}{chapter.39}% 27
\BOOKMARK [2][-]{subsection.41}{\376\377\0004\000.\0001\000.\0001\000\040\000L\000a\000n\000g\000u\000a\000g\000e\000\040\000O\000v\000e\000r\000v\000i\000e\000w}{section.40}% 28
\BOOKMARK [2][-]{subsection.50}{\376\377\0004\000.\0001\000.\0002\000\040\000j\000s\000o\000n\000-\000s\000i\000m\000p\000l\000e\000\050\000P\000a\000r\000s\000e\000r\000\040\000A\000P\000I\000\051}{section.40}% 29
\BOOKMARK [1][-]{section.51}{\376\377\0004\000.\0002\000\040\000F\000o\000r\000m\000a\000t\000s}{chapter.39}% 30
\BOOKMARK [2][-]{subsection.52}{\376\377\0004\000.\0002\000.\0001\000\040\000I\000n\000p\000u\000t\000\040\000F\000i\000l\000e\000\040\000F\000o\000r\000m\000a\000t}{section.51}% 31
\BOOKMARK [2][-]{subsection.55}{\376\377\0004\000.\0002\000.\0002\000\040\000O\000u\000t\000p\000u\000t\000\040\000F\000i\000l\000e\000\040\000F\000o\000r\000m\000a\000t}{section.51}% 32
\BOOKMARK [1][-]{section.56}{\376\377\0004\000.\0003\000\040\000M\000a\000v\000e\000n}{chapter.39}% 33
\BOOKMARK [2][-]{subsection.57}{\376\377\0004\000.\0003\000.\0001\000\040\000O\000v\000e\000r\000v\000i\000e\000w}{section.56}% 34
\BOOKMARK [2][-]{subsection.58}{\376\377\0004\000.\0003\000.\0002\000\040\000P\000r\000o\000j\000e\000c\000t\000\040\000H\000i\000e\000r\000a\000r\000c\000h\000y}{section.56}% 35
\BOOKMARK [2][-]{subsection.60}{\376\377\0004\000.\0003\000.\0003\000\040\000P\000r\000o\000j\000e\000c\000t\000\040\000O\000b\000j\000e\000c\000t\000\040\000M\000o\000d\000e\000l}{section.56}% 36
\BOOKMARK [1][-]{section.62}{\376\377\0004\000.\0004\000\040\000B\000I\000D\000E\000\040\000\050\000B\000I\000-\000D\000i\000r\000e\000c\000t\000i\000o\000n\000a\000l\000\040\000E\000x\000t\000e\000n\000s\000i\000o\000n\000\040\000b\000a\000s\000e\000d\000\040\000f\000r\000e\000q\000u\000e\000n\000t\000\040\000c\000l\000o\000s\000e\000d\000\040\000s\000e\000q\000u\000e\000n\000c\000e\000\040\000m\000i\000n\000i\000n\000g\000\051}{chapter.39}% 37
\BOOKMARK [2][-]{subsection.63}{\376\377\0004\000.\0004\000.\0001\000\040\000O\000v\000e\000r\000v\000i\000e\000w}{section.62}% 38
\BOOKMARK [3][-]{subsubsection.64}{\376\377\0004\000.\0004\000.\0001\000.\0001\000\040\000I\000n\000p\000u\000t\000\040\000p\000a\000r\000a\000m\000e\000t\000e\000r\000s}{subsection.63}% 39
\BOOKMARK [3][-]{subsubsection.65}{\376\377\0004\000.\0004\000.\0001\000.\0002\000\040\000O\000u\000t\000p\000u\000t}{subsection.63}% 40
\BOOKMARK [3][-]{subsubsection.66}{\376\377\0004\000.\0004\000.\0001\000.\0003\000\040\000S\000p\000e\000c\000i\000f\000i\000c\000a\000t\000i\000o\000n\000\040\000f\000i\000l\000e\000\040\000f\000o\000r\000m\000a\000t}{subsection.63}% 41
\BOOKMARK [3][-]{subsubsection.67}{\376\377\0004\000.\0004\000.\0001\000.\0004\000\040\000D\000a\000t\000a\000s\000e\000t\000\040\000f\000i\000l\000e\000\040\000f\000o\000r\000m\000a\000t}{subsection.63}% 42
\BOOKMARK [2][-]{subsection.68}{\376\377\0004\000.\0004\000.\0002\000\040\000O\000t\000h\000e\000r\000\040\000T\000o\000o\000l\000s}{section.62}% 43
\BOOKMARK [0][-]{chapter.74}{\376\377\0005\000\040\000I\000m\000p\000l\000e\000m\000e\000n\000t\000a\000t\000i\000o\000n}{}% 44
\BOOKMARK [1][-]{section.75}{\376\377\0005\000.\0001\000\040\000C\000o\000r\000r\000e\000c\000t\000\040\000S\000e\000q\000u\000e\000n\000c\000e\000s}{chapter.74}% 45
\BOOKMARK [2][-]{subsection.76}{\376\377\0005\000.\0001\000.\0001\000\040\000R\000u\000n\000\040\000S\000e\000q\000u\000e\000n\000c\000e}{section.75}% 46
\BOOKMARK [2][-]{subsection.77}{\376\377\0005\000.\0001\000.\0002\000\040\000F\000r\000e\000q\000u\000e\000n\000t\000\040\000S\000e\000q\000u\000e\000n\000c\000e}{section.75}% 47
\BOOKMARK [2][-]{subsection.78}{\376\377\0005\000.\0001\000.\0003\000\040\000A\000n\000a\000l\000y\000s\000i\000s}{section.75}% 48
\BOOKMARK [1][-]{section.79}{\376\377\0005\000.\0002\000\040\000B\000l\000o\000c\000k\000\040\000S\000t\000r\000u\000c\000t\000u\000r\000e}{chapter.74}% 49
\BOOKMARK [2][-]{subsection.81}{\376\377\0005\000.\0002\000.\0001\000\040\000G\000e\000n\000e\000r\000a\000t\000e\000\040\000S\000e\000t\000t\000i\000n\000g\000s\000\040\000F\000i\000l\000e}{section.79}% 50
\BOOKMARK [2][-]{subsection.82}{\376\377\0005\000.\0002\000.\0002\000\040\000C\000r\000e\000a\000t\000e\000\040\000B\000I\000D\000E\000\040\000I\000n\000p\000u\000t}{section.79}% 51
\BOOKMARK [2][-]{subsection.83}{\376\377\0005\000.\0002\000.\0003\000\040\000C\000r\000e\000a\000t\000e\000\040\000B\000I\000D\000E\000\040\000S\000p\000e\000c\000i\000f\000i\000c\000a\000t\000i\000o\000n}{section.79}% 52
\BOOKMARK [2][-]{subsection.84}{\376\377\0005\000.\0002\000.\0004\000\040\000R\000u\000n\000\040\000B\000I\000D\000E}{section.79}% 53
\BOOKMARK [2][-]{subsection.85}{\376\377\0005\000.\0002\000.\0005\000\040\000M\000i\000n\000e\000\040\000S\000e\000q\000u\000e\000n\000c\000e\000s}{section.79}% 54
\BOOKMARK [3][-]{subsubsection.86}{\376\377\0005\000.\0002\000.\0005\000.\0001\000\040\000g\000e\000t\000O\000c\000c\000u\000r\000e\000n\000c\000e\000\050\000\051}{subsection.85}% 55
\BOOKMARK [3][-]{subsubsection.87}{\376\377\0005\000.\0002\000.\0005\000.\0002\000\040\000g\000e\000t\000S\000u\000b\000S\000e\000q\000u\000e\000n\000c\000e\000\050\000\051}{subsection.85}% 56
\BOOKMARK [3][-]{subsubsection.88}{\376\377\0005\000.\0002\000.\0005\000.\0003\000\040\000g\000e\000t\000I\000n\000d\000i\000v\000i\000d\000u\000a\000l\000S\000e\000t\000\050\000\051}{subsection.85}% 57
\BOOKMARK [0][-]{chapter.89}{\376\377\0006\000\040\000C\000o\000n\000c\000l\000u\000s\000i\000o\000n}{}% 58
\BOOKMARK [1][-]{section.90}{\376\377\0006\000.\0001\000\040\000F\000u\000t\000u\000r\000e\000\040\000W\000o\000r\000k}{chapter.89}% 59
\BOOKMARK [1][-]{section.91}{\376\377\0006\000.\0002\000\040\000C\000o\000n\000c\000l\000u\000s\000i\000o\000n}{chapter.89}% 60
\BOOKMARK [0][-]{appendix.92}{\376\377\000A\000\040\000R\000e\000s\000u\000l\000t\000s\000\040\000a\000n\000d\000\040\000C\000o\000d\000e}{}% 61
\BOOKMARK [1][-]{section.93}{\376\377\000A\000.\0001\000\040\000R\000e\000s\000u\000l\000t\000s}{appendix.92}% 62
\BOOKMARK [1][-]{section.95}{\376\377\000A\000.\0002\000\040\000S\000e\000t\000t\000i\000n\000g\000s\000.\000j\000a\000v\000a}{appendix.92}% 63
\BOOKMARK [1][-]{section.129}{\376\377\000A\000.\0003\000\040\000M\000y\000T\000e\000s\000t\000.\000j\000a\000v\000a}{appendix.92}% 64
\BOOKMARK [0][-]{dummy.587}{\376\377\000B\000i\000b\000l\000i\000o\000g\000r\000a\000p\000h\000y}{}% 65
